11:44:17.891 INFO - Selenium build info: version: '3.0.1', revision: '1969d75'
11:44:17.892 INFO - Launching a standalone Selenium Server
2018-08-21 11:44:17.917:INFO::main: Logging initialized @447ms
11:44:17.970 INFO - Driver provider org.openqa.selenium.ie.InternetExplorerDriver registration is skipped:
 registration capabilities Capabilities [{ensureCleanSession=true, browserName=internet explorer, version=, platform=WINDOWS}] does not match the current platform MAC
11:44:17.970 INFO - Driver provider org.openqa.selenium.edge.EdgeDriver registration is skipped:
 registration capabilities Capabilities [{browserName=MicrosoftEdge, version=, platform=WINDOWS}] does not match the current platform MAC
11:44:17.970 INFO - Driver class not found: com.opera.core.systems.OperaDriver
11:44:17.970 INFO - Driver provider com.opera.core.systems.OperaDriver registration is skipped:
Unable to create new instances on this machine.
11:44:17.970 INFO - Driver class not found: com.opera.core.systems.OperaDriver
11:44:17.970 INFO - Driver provider com.opera.core.systems.OperaDriver is not registered
2018-08-21 11:44:18.011:INFO:osjs.Server:main: jetty-9.2.15.v20160210
2018-08-21 11:44:18.036:INFO:osjsh.ContextHandler:main: Started o.s.j.s.ServletContextHandler@4520ebad{/,null,AVAILABLE}
2018-08-21 11:44:18.073:INFO:osjs.ServerConnector:main: Started ServerConnector@2b98378d{HTTP/1.1}{0.0.0.0:4444}
2018-08-21 11:44:18.073:INFO:osjs.Server:main: Started @603ms
11:44:18.073 INFO - Selenium Server is up and running
11:44:18.653 INFO - SessionCleaner initialized with insideBrowserTimeout 0 and clientGoneTimeout 1800000 polling every 180000
11:44:18.674 INFO - Executing: [new session: Capabilities [{acceptSslCerts=true, name=Assertions/No Error, browserName=chrome, javascriptEnabled=true, platform=ANY}]])
11:44:18.697 INFO - Creating a new session for Capabilities [{acceptSslCerts=true, name=Assertions/No Error, browserName=chrome, javascriptEnabled=true, platform=ANY}]
Starting ChromeDriver 2.28.455517 (2c6d2707d8ea850c862f04ac066724273981e88f) on port 43343
Only local connections are allowed.
11:44:18.969 INFO - Attempting bi-dialect session, assuming Postel's Law holds true on the remote end
11:44:19.642 INFO - Detected dialect: OSS
11:44:19.668 INFO - Done: [new session: Capabilities [{acceptSslCerts=true, name=Assertions/No Error, browserName=chrome, javascriptEnabled=true, platform=ANY}]]
11:44:19.679 INFO - Executing: [delete session: 98c36e8a-8d2d-4277-909e-240e2b437c7c])
11:44:19.755 INFO - Done: [delete session: 98c36e8a-8d2d-4277-909e-240e2b437c7c]
11:44:19.766 INFO - Executing: [new session: Capabilities [{acceptSslCerts=true, name=Assertions/Title Contains, browserName=chrome, javascriptEnabled=true, platform=ANY}]])
11:44:19.767 INFO - Creating a new session for Capabilities [{acceptSslCerts=true, name=Assertions/Title Contains, browserName=chrome, javascriptEnabled=true, platform=ANY}]
Starting ChromeDriver 2.28.455517 (2c6d2707d8ea850c862f04ac066724273981e88f) on port 46057
Only local connections are allowed.
11:44:19.805 INFO - Attempting bi-dialect session, assuming Postel's Law holds true on the remote end
11:44:20.298 INFO - Detected dialect: OSS
11:44:20.300 INFO - Done: [new session: Capabilities [{acceptSslCerts=true, name=Assertions/Title Contains, browserName=chrome, javascriptEnabled=true, platform=ANY}]]
11:44:20.305 INFO - Executing: [delete session: da52b495-cfb3-4973-886b-808452f7d6ec])
11:44:20.382 INFO - Done: [delete session: da52b495-cfb3-4973-886b-808452f7d6ec]
11:44:20.393 INFO - Executing: [new session: Capabilities [{acceptSslCerts=true, name=Commands/Go Home, browserName=chrome, javascriptEnabled=true, platform=ANY}]])
11:44:20.394 INFO - Creating a new session for Capabilities [{acceptSslCerts=true, name=Commands/Go Home, browserName=chrome, javascriptEnabled=true, platform=ANY}]
Starting ChromeDriver 2.28.455517 (2c6d2707d8ea850c862f04ac066724273981e88f) on port 4073
Only local connections are allowed.
11:44:20.428 INFO - Attempting bi-dialect session, assuming Postel's Law holds true on the remote end
11:44:20.922 INFO - Detected dialect: OSS
11:44:20.923 INFO - Done: [new session: Capabilities [{acceptSslCerts=true, name=Commands/Go Home, browserName=chrome, javascriptEnabled=true, platform=ANY}]]
11:44:20.931 INFO - Executing: [delete session: 7cce5b2d-92a7-4161-abee-e5641f0e2836])
11:44:21.006 INFO - Done: [delete session: 7cce5b2d-92a7-4161-abee-e5641f0e2836]
11:44:21.015 INFO - Executing: [new session: Capabilities [{acceptSslCerts=true, name=Commands/Sign In, browserName=chrome, javascriptEnabled=true, platform=ANY}]])
11:44:21.016 INFO - Creating a new session for Capabilities [{acceptSslCerts=true, name=Commands/Sign In, browserName=chrome, javascriptEnabled=true, platform=ANY}]
Starting ChromeDriver 2.28.455517 (2c6d2707d8ea850c862f04ac066724273981e88f) on port 38379
Only local connections are allowed.
11:44:21.052 INFO - Attempting bi-dialect session, assuming Postel's Law holds true on the remote end
11:44:21.577 INFO - Detected dialect: OSS
11:44:21.578 INFO - Done: [new session: Capabilities [{acceptSslCerts=true, name=Commands/Sign In, browserName=chrome, javascriptEnabled=true, platform=ANY}]]
11:44:21.583 INFO - Executing: [delete session: 093dbd43-2be3-4a24-ad57-c8e546b38be4])
11:44:21.659 INFO - Done: [delete session: 093dbd43-2be3-4a24-ad57-c8e546b38be4]
11:44:21.683 INFO - Executing: [new session: Capabilities [{acceptSslCerts=true, name=Navigate, browserName=chrome, javascriptEnabled=true, platform=ANY}]])
11:44:21.684 INFO - Creating a new session for Capabilities [{acceptSslCerts=true, name=Navigate, browserName=chrome, javascriptEnabled=true, platform=ANY}]
Starting ChromeDriver 2.28.455517 (2c6d2707d8ea850c862f04ac066724273981e88f) on port 22251
Only local connections are allowed.
11:44:21.723 INFO - Attempting bi-dialect session, assuming Postel's Law holds true on the remote end
11:44:22.249 INFO - Detected dialect: OSS
11:44:22.250 INFO - Done: [new session: Capabilities [{acceptSslCerts=true, name=Navigate, browserName=chrome, javascriptEnabled=true, platform=ANY}]]
11:44:22.257 INFO - Executing: [set window size])
11:44:32.259 INFO - Executing: [delete session: 6af0d6ba-b65e-4f69-9a52-a8b565fbe793])
11:44:32.291 WARN - Exception thrown
org.openqa.selenium.WebDriverException: unknown error: cannot get automation extension
from unknown error: page could not be found: chrome-extension://aapnijgdinlhnhlmodcfapnahmbfebeb/_generated_background_page.html
  (Session info: chrome=68.0.3440.106)
  (Driver info: chromedriver=2.28.455517 (2c6d2707d8ea850c862f04ac066724273981e88f),platform=Mac OS X 10.11.2 x86_64) (WARNING: The server did not provide any stacktrace information)
Command duration or timeout: 10.03 seconds
Build info: version: '3.0.1', revision: '1969d75', time: '2016-10-18 09:48:19 -0700'
System info: host: 'Arrakis-2.local', ip: '10.128.192.31', os.name: 'Mac OS X', os.arch: 'x86_64', os.version: '10.11.2', java.version: '1.8.0_65'
Driver info: org.openqa.selenium.chrome.ChromeDriver
Capabilities [{applicationCacheEnabled=false, rotatable=false, mobileEmulationEnabled=false, networkConnectionEnabled=false, chrome={chromedriverVersion=2.28.455517 (2c6d2707d8ea850c862f04ac066724273981e88f), userDataDir=/var/folders/4g/ms_982mn2dqgkddnrb3s4xy40000gp/T/.org.chromium.Chromium.JdWg2W}, takesHeapSnapshot=true, pageLoadStrategy=normal, databaseEnabled=false, handlesAlerts=true, hasTouchScreen=false, version=68.0.3440.106, platform=MAC, browserConnectionEnabled=false, nativeEvents=true, acceptSslCerts=true, locationContextEnabled=true, webStorageEnabled=true, browserName=chrome, takesScreenshot=true, javascriptEnabled=true, cssSelectorsEnabled=true, unexpectedAlertBehaviour=}]
Session ID: 57384cc6870c7cc5bc349871837ed637
	at sun.reflect.NativeConstructorAccessorImpl.newInstance0(Native Method)
	at sun.reflect.NativeConstructorAccessorImpl.newInstance(NativeConstructorAccessorImpl.java:62)
	at sun.reflect.DelegatingConstructorAccessorImpl.newInstance(DelegatingConstructorAccessorImpl.java:45)
	at java.lang.reflect.Constructor.newInstance(Constructor.java:422)
	at org.openqa.selenium.remote.ErrorHandler.createThrowable(ErrorHandler.java:216)
	at org.openqa.selenium.remote.ErrorHandler.throwIfResponseFailed(ErrorHandler.java:168)
	at org.openqa.selenium.remote.RemoteWebDriver.execute(RemoteWebDriver.java:635)
	at org.openqa.selenium.remote.RemoteWebDriver$RemoteWebDriverOptions$RemoteWindow.setSize(RemoteWebDriver.java:847)
	at org.openqa.selenium.support.events.EventFiringWebDriver$EventFiringWindow.setSize(EventFiringWebDriver.java:624)
	at org.openqa.selenium.remote.server.handler.SetWindowSize.call(SetWindowSize.java:53)
	at org.openqa.selenium.remote.server.handler.SetWindowSize.call(SetWindowSize.java:27)
	at java.util.concurrent.FutureTask.run(FutureTask.java:266)
	at org.openqa.selenium.remote.server.DefaultSession$1.run(DefaultSession.java:176)
	at java.util.concurrent.ThreadPoolExecutor.runWorker(ThreadPoolExecutor.java:1142)
	at java.util.concurrent.ThreadPoolExecutor$Worker.run(ThreadPoolExecutor.java:617)
	at java.lang.Thread.run(Thread.java:745)
11:44:32.294 WARN - Exception: unknown error: cannot get automation extension
from unknown error: page could not be found: chrome-extension://aapnijgdinlhnhlmodcfapnahmbfebeb/_generated_background_page.html
  (Session info: chrome=68.0.3440.106)
  (Driver info: chromedriver=2.28.455517 (2c6d2707d8ea850c862f04ac066724273981e88f),platform=Mac OS X 10.11.2 x86_64) (WARNING: The server did not provide any stacktrace information)
Command duration or timeout: 10.03 seconds
Build info: version: '3.0.1', revision: '1969d75', time: '2016-10-18 09:48:19 -0700'
System info: host: 'Arrakis-2.local', ip: '10.128.192.31', os.name: 'Mac OS X', os.arch: 'x86_64', os.version: '10.11.2', java.version: '1.8.0_65'
Driver info: org.openqa.selenium.chrome.ChromeDriver
Capabilities [{applicationCacheEnabled=false, rotatable=false, mobileEmulationEnabled=false, networkConnectionEnabled=false, chrome={chromedriverVersion=2.28.455517 (2c6d2707d8ea850c862f04ac066724273981e88f), userDataDir=/var/folders/4g/ms_982mn2dqgkddnrb3s4xy40000gp/T/.org.chromium.Chromium.JdWg2W}, takesHeapSnapshot=true, pageLoadStrategy=normal, databaseEnabled=false, handlesAlerts=true, hasTouchScreen=false, version=68.0.3440.106, platform=MAC, browserConnectionEnabled=false, nativeEvents=true, acceptSslCerts=true, locationContextEnabled=true, webStorageEnabled=true, browserName=chrome, takesScreenshot=true, javascriptEnabled=true, cssSelectorsEnabled=true, unexpectedAlertBehaviour=}]
Session ID: 57384cc6870c7cc5bc349871837ed637
11:44:32.364 INFO - Done: [delete session: 6af0d6ba-b65e-4f69-9a52-a8b565fbe793]
11:44:32.379 INFO - Executing: [new session: Capabilities [{acceptSslCerts=true, name=Redirect, browserName=chrome, javascriptEnabled=true, platform=ANY}]])
11:44:32.380 INFO - Creating a new session for Capabilities [{acceptSslCerts=true, name=Redirect, browserName=chrome, javascriptEnabled=true, platform=ANY}]
Starting ChromeDriver 2.28.455517 (2c6d2707d8ea850c862f04ac066724273981e88f) on port 32301
Only local connections are allowed.
11:44:32.420 INFO - Attempting bi-dialect session, assuming Postel's Law holds true on the remote end
11:44:32.885 INFO - Detected dialect: OSS
11:44:32.886 INFO - Done: [new session: Capabilities [{acceptSslCerts=true, name=Redirect, browserName=chrome, javascriptEnabled=true, platform=ANY}]]
11:44:32.892 INFO - Executing: [delete session: 8727fb42-b30e-4a66-922d-7749aff813e1])
11:44:32.912 INFO - Executing: [delete session: 8727fb42-b30e-4a66-922d-7749aff813e1])
11:44:32.912 INFO - Executing: [delete session: 8727fb42-b30e-4a66-922d-7749aff813e1])
11:44:32.964 INFO - Done: [delete session: 8727fb42-b30e-4a66-922d-7749aff813e1]
11:44:32.964 INFO - Done: [delete session: 8727fb42-b30e-4a66-922d-7749aff813e1]
11:44:32.964 INFO - Done: [delete session: 8727fb42-b30e-4a66-922d-7749aff813e1]
